<?xml version="1.0" encoding="UTF-8"?>
<!-- Generated by org.testng.reporters.JUnitXMLReporter -->
<testsuite ignored="2" hostname="sergio_rm13" failures="0" tests="5" name="Car Loan" time="0.037" errors="0" timestamp="2024-10-19T17:30:58 CEST">
  <testcase classname="test.Day3" name="MobileLoginCarLoan" time="0.004"/>
  <testcase classname="test.Day3" name="MobileSignOutCarLoan" time="0.002"/>
  <testcase classname="test.Day3" name="MobileSignOutCarLoan" time="0.001"/>
  <testcase classname="test.Day3" name="MobileSignOutCarLoan" time="0.001"/>
  <testcase classname="test.Day3" name="WebLoginCarLoan" time="0.001"/>
  <testcase classname="test.Day3" name="APICarLoan" time="0.0">
    <ignored/>
  </testcase> <!-- APICarLoan -->
  <testcase classname="test.Day3" name="MobileSignimCarLoan" time="0.0">
    <ignored/>
  </testcase> <!-- MobileSignimCarLoan -->
</testsuite> <!-- Car Loan -->
