<?xml version="1.0" encoding="UTF-8"?>
<!-- Generated by org.testng.reporters.JUnitXMLReporter -->
<testsuite ignored="8" hostname="sergio_rm13" failures="0" tests="3" name="Regression" time="0.029" errors="0" timestamp="2024-10-19T13:46:44 CEST">
  <testcase classname="test.Day2" name="ploan" time="0.006"/>
  <testcase classname="test.Day4" name="MobileLoginHomeLoan" time="0.001"/>
  <testcase classname="test.Day3" name="MobileLoginCarLoan" time="0.001"/>
  <testcase classname="test.Day1" name="Demo" time="0.0">
    <ignored/>
  </testcase> <!-- Demo -->
  <testcase classname="test.Day4" name="WebLoginHomeLoan" time="0.0">
    <ignored/>
  </testcase> <!-- WebLoginHomeLoan -->
  <testcase classname="test.Day1" name="SecondTest" time="0.0">
    <ignored/>
  </testcase> <!-- SecondTest -->
  <testcase classname="test.Day4" name="LoginAPIHomeLoan" time="0.0">
    <ignored/>
  </testcase> <!-- LoginAPIHomeLoan -->
  <testcase classname="test.Day3" name="APICarLoan" time="0.0">
    <ignored/>
  </testcase> <!-- APICarLoan -->
  <testcase classname="test.Day3" name="MobileSignOutCarLoan" time="0.0">
    <ignored/>
  </testcase> <!-- MobileSignOutCarLoan -->
  <testcase classname="test.Day3" name="WebLoginCarLoan" time="0.0">
    <ignored/>
  </testcase> <!-- WebLoginCarLoan -->
  <testcase classname="test.Day3" name="MobileSignimCarLoan" time="0.0">
    <ignored/>
  </testcase> <!-- MobileSignimCarLoan -->
</testsuite> <!-- Regression -->
